[Info  - 15:02:54.520] Reading sessions from keychain...
[Info  - 15:02:54.689] Getting sessions for all scopes...
[Info  - 15:02:54.689] Getting sessions for all scopes...
[Error  - 15:02:54.689] Getting token failed: Error: The name org.freedesktop.secrets was not provided by any .service files
[Info  - 15:02:54.717] Got 0 sessions for all scopes...
[Info  - 15:02:54.717] Got 0 sessions for all scopes...
[Info  - 15:03:37.645] Getting sessions for all scopes...
[Info  - 15:03:37.645] Got 0 sessions for all scopes...
[Info  - 15:03:41.62] Getting sessions for all scopes...
[Info  - 15:03:41.62] Got 0 sessions for all scopes...
[Info  - 15:03:43.209] Logging in for the following scopes: user:email
[Trace  - 15:04:03.645] Handling Uri...
[Info  - 15:04:03.646] Exchanging code for token...
[Info  - 15:04:04.815] Token exchange success!
[Info  - 15:04:04.816] Getting user info...
[Info  - 15:04:05.541] Got account info!
[Info  - 15:04:05.541] Storing 1 sessions...
[Error  - 15:04:06.244] Setting token failed: Error: The name org.freedesktop.secrets was not provided by any .service files
[Info  - 15:04:09.697] Stored 1 sessions!
[Info  - 15:04:09.698] Login success!
[Info  - 15:04:09.729] Getting sessions for all scopes...
[Info  - 15:04:09.729] Getting sessions for all scopes...
[Info  - 15:04:09.729] Got 1 sessions for all scopes...
[Info  - 15:04:09.729] Got 1 sessions for all scopes...
[Info  - 15:04:13.673] Getting sessions for all scopes...
[Info  - 15:04:13.673] Got 1 sessions for all scopes...
[Info  - 15:04:32.883] Getting sessions for read:user,user:email,repo...
[Info  - 15:04:32.904] Got 0 sessions for read:user,repo,user:email...
