[2021-10-24 23:02:42.108] [renderer1] [info] Starting extension host with pid 8009.
[2021-10-24 23:02:48.386] [renderer1] [error] [Extension Host] (node:8009) [DEP0005] DeprecationWarning: Buffer() is deprecated due to security and usability issues. Please use the Buffer.alloc(), Buffer.allocUnsafe(), or Buffer.from() methods instead.
(Use `code --trace-deprecation ...` to show where the warning was created)
[2021-10-24 23:05:12.240] [renderer1] [info] Starting extension host with pid 8667.
[2021-10-24 23:05:15.151] [renderer1] [error] [Extension Host] (node:8667) [DEP0005] DeprecationWarning: Buffer() is deprecated due to security and usability issues. Please use the Buffer.alloc(), Buffer.allocUnsafe(), or Buffer.from() methods instead.
(Use `code --trace-deprecation ...` to show where the warning was created)
[2021-10-24 23:05:46.370] [renderer1] [error] [Extension Host] Lintings failed on open
[2021-10-24 23:05:46.373] [renderer1] [error] [Extension Host] File: file:///home/ylizanicole/assignment%202/first.py
[2021-10-24 23:05:46.374] [renderer1] [error] [Extension Host] Message: TypeError: Cannot read property 'uri' of undefined
[2021-10-24 23:06:29.349] [renderer1] [error] [Extension Host] Lintings failed on save
[2021-10-24 23:06:29.351] [renderer1] [error] [Extension Host] File: file:///home/ylizanicole/assignment%202/first.py
[2021-10-24 23:06:29.356] [renderer1] [error] [Extension Host] Message: TypeError: Cannot read property 'uri' of undefined
[2021-10-24 23:07:31.879] [renderer1] [error] [Extension Host] Lintings failed on save
[2021-10-24 23:07:31.881] [renderer1] [error] [Extension Host] File: file:///home/ylizanicole/assignment%202/first.py
[2021-10-24 23:07:31.882] [renderer1] [error] [Extension Host] Message: TypeError: Cannot read property 'uri' of undefined
[2021-10-24 23:10:14.450] [renderer1] [error] [Extension Host] Lintings failed on save
[2021-10-24 23:10:14.451] [renderer1] [error] [Extension Host] File: file:///home/ylizanicole/assignment%202/first.py
[2021-10-24 23:10:14.452] [renderer1] [error] [Extension Host] Message: TypeError: Cannot read property 'uri' of undefined
[2021-10-24 23:11:19.296] [renderer1] [error] [Extension Host] Lintings failed on save
[2021-10-24 23:11:19.297] [renderer1] [error] [Extension Host] File: file:///home/ylizanicole/assignment%202/first.py
[2021-10-24 23:11:19.297] [renderer1] [error] [Extension Host] Message: TypeError: Cannot read property 'uri' of undefined
[2021-10-24 23:13:16.436] [renderer1] [error] [Extension Host] Lintings failed on save
[2021-10-24 23:13:16.437] [renderer1] [error] [Extension Host] File: file:///home/ylizanicole/assignment%202/first.py
[2021-10-24 23:13:16.439] [renderer1] [error] [Extension Host] Message: TypeError: Cannot read property 'uri' of undefined
[2021-10-24 23:15:04.733] [renderer1] [error] [Extension Host] Lintings failed on save
[2021-10-24 23:15:04.734] [renderer1] [error] [Extension Host] File: file:///home/ylizanicole/assignment%202/first.py
[2021-10-24 23:15:04.734] [renderer1] [error] [Extension Host] Message: TypeError: Cannot read property 'uri' of undefined
[2021-10-24 23:17:37.403] [renderer1] [error] [Extension Host] Lintings failed on save
[2021-10-24 23:17:37.404] [renderer1] [error] [Extension Host] File: file:///home/ylizanicole/assignment%202/first.py
[2021-10-24 23:17:37.405] [renderer1] [error] [Extension Host] Message: TypeError: Cannot read property 'uri' of undefined
[2021-10-24 23:17:51.609] [renderer1] [error] Server[pid=9254] disconnected unexpectedly: Error: Server[pid=9254] disconnected unexpectedly
    at o.handleErrorResponse (vscode-file://vscode-app/usr/share/code/resources/app/out/vs/workbench/workbench.desktop.main.js:1024:33974)
    at vscode-file://vscode-app/usr/share/code/resources/app/out/vs/workbench/workbench.desktop.main.js:1024:33280
    at async N.fetchThreads (vscode-file://vscode-app/usr/share/code/resources/app/out/vs/workbench/workbench.desktop.main.js:1906:22155)
[2021-10-24 23:19:17.548] [renderer1] [error] [Extension Host] Lintings failed on save
[2021-10-24 23:19:17.549] [renderer1] [error] [Extension Host] File: file:///home/ylizanicole/assignment%202/first.py
[2021-10-24 23:19:17.552] [renderer1] [error] [Extension Host] Message: TypeError: Cannot read property 'uri' of undefined
[2021-10-24 23:21:30.872] [renderer1] [error] [Extension Host] Lintings failed on save
[2021-10-24 23:21:30.877] [renderer1] [error] [Extension Host] File: file:///home/ylizanicole/assignment%202/first.py
[2021-10-24 23:21:30.878] [renderer1] [error] [Extension Host] Message: TypeError: Cannot read property 'uri' of undefined
[2021-10-24 23:21:52.929] [renderer1] [error] [Extension Host] Lintings failed on save
[2021-10-24 23:21:52.930] [renderer1] [error] [Extension Host] File: file:///home/ylizanicole/assignment%202/first.py
[2021-10-24 23:21:52.930] [renderer1] [error] [Extension Host] Message: TypeError: Cannot read property 'uri' of undefined
[2021-10-24 23:22:52.185] [renderer1] [error] [Extension Host] Lintings failed on save
[2021-10-24 23:22:52.193] [renderer1] [error] [Extension Host] File: file:///home/ylizanicole/assignment%202/first.py
[2021-10-24 23:22:52.194] [renderer1] [error] [Extension Host] Message: TypeError: Cannot read property 'uri' of undefined
[2021-10-24 23:28:59.580] [renderer1] [error] [Extension Host] Lintings failed on save
[2021-10-24 23:28:59.588] [renderer1] [error] [Extension Host] File: file:///home/ylizanicole/assignment%202/first.py
[2021-10-24 23:28:59.589] [renderer1] [error] [Extension Host] Message: TypeError: Cannot read property 'uri' of undefined
[2021-10-24 23:30:32.392] [renderer1] [error] [Extension Host] Lintings failed on save
[2021-10-24 23:30:32.394] [renderer1] [error] [Extension Host] File: file:///home/ylizanicole/assignment%202/first.py
[2021-10-24 23:30:32.395] [renderer1] [error] [Extension Host] Message: TypeError: Cannot read property 'uri' of undefined
[2021-10-24 23:31:01.386] [renderer1] [error] [Extension Host] Lintings failed on save
[2021-10-24 23:31:01.386] [renderer1] [error] [Extension Host] File: file:///home/ylizanicole/assignment%202/first.py
[2021-10-24 23:31:01.387] [renderer1] [error] [Extension Host] Message: TypeError: Cannot read property 'uri' of undefined
[2021-10-24 23:32:22.741] [renderer1] [error] [Extension Host] Lintings failed on save
[2021-10-24 23:32:22.744] [renderer1] [error] [Extension Host] File: file:///home/ylizanicole/assignment%202/first.py
[2021-10-24 23:32:22.746] [renderer1] [error] [Extension Host] Message: TypeError: Cannot read property 'uri' of undefined
[2021-10-24 23:32:53.214] [renderer1] [error] [Extension Host] Lintings failed on save
[2021-10-24 23:32:53.215] [renderer1] [error] [Extension Host] File: file:///home/ylizanicole/assignment%202/first.py
[2021-10-24 23:32:53.215] [renderer1] [error] [Extension Host] Message: TypeError: Cannot read property 'uri' of undefined
[2021-10-24 23:33:42.659] [renderer1] [error] [Extension Host] Lintings failed on save
[2021-10-24 23:33:42.664] [renderer1] [error] [Extension Host] File: file:///home/ylizanicole/assignment%202/first.py
[2021-10-24 23:33:42.665] [renderer1] [error] [Extension Host] Message: TypeError: Cannot read property 'uri' of undefined
[2021-10-24 23:34:22.927] [renderer1] [error] [Extension Host] Lintings failed on save
[2021-10-24 23:34:22.928] [renderer1] [error] [Extension Host] File: file:///home/ylizanicole/assignment%202/first.py
[2021-10-24 23:34:22.929] [renderer1] [error] [Extension Host] Message: TypeError: Cannot read property 'uri' of undefined
[2021-10-24 23:34:45.121] [renderer1] [error] [Extension Host] Lintings failed on save
[2021-10-24 23:34:45.122] [renderer1] [error] [Extension Host] File: file:///home/ylizanicole/assignment%202/first.py
[2021-10-24 23:34:45.124] [renderer1] [error] [Extension Host] Message: TypeError: Cannot read property 'uri' of undefined
[2021-10-24 23:38:04.221] [renderer1] [error] [Extension Host] Lintings failed on save
[2021-10-24 23:38:04.224] [renderer1] [error] [Extension Host] File: file:///home/ylizanicole/assignment%202/first.py
[2021-10-24 23:38:04.225] [renderer1] [error] [Extension Host] Message: TypeError: Cannot read property 'uri' of undefined
[2021-10-24 23:40:17.540] [renderer1] [error] [Extension Host] Lintings failed on save
[2021-10-24 23:40:17.541] [renderer1] [error] [Extension Host] File: file:///home/ylizanicole/assignment%202/first.py
[2021-10-24 23:40:17.542] [renderer1] [error] [Extension Host] Message: TypeError: Cannot read property 'uri' of undefined
[2021-10-24 23:45:16.910] [renderer1] [error] [Extension Host] Lintings failed on save
[2021-10-24 23:45:16.912] [renderer1] [error] [Extension Host] File: file:///home/ylizanicole/assignment%202/first.py
[2021-10-24 23:45:16.912] [renderer1] [error] [Extension Host] Message: TypeError: Cannot read property 'uri' of undefined
[2021-10-24 23:46:05.526] [renderer1] [error] [Extension Host] Lintings failed on save
[2021-10-24 23:46:05.526] [renderer1] [error] [Extension Host] File: file:///home/ylizanicole/assignment%202/first.py
[2021-10-24 23:46:05.527] [renderer1] [error] [Extension Host] Message: TypeError: Cannot read property 'uri' of undefined
[2021-10-24 23:48:51.238] [renderer1] [error] [Extension Host] Lintings failed on save
[2021-10-24 23:48:51.239] [renderer1] [error] [Extension Host] File: file:///home/ylizanicole/assignment%202/first.py
[2021-10-24 23:48:51.239] [renderer1] [error] [Extension Host] Message: TypeError: Cannot read property 'uri' of undefined
[2021-10-24 23:49:22.050] [renderer1] [error] [Extension Host] Lintings failed on save
[2021-10-24 23:49:22.050] [renderer1] [error] [Extension Host] File: file:///home/ylizanicole/assignment%202/first.py
[2021-10-24 23:49:22.051] [renderer1] [error] [Extension Host] Message: TypeError: Cannot read property 'uri' of undefined
[2021-10-24 23:52:23.051] [renderer1] [error] [Extension Host] Lintings failed on save
[2021-10-24 23:52:23.052] [renderer1] [error] [Extension Host] File: file:///home/ylizanicole/assignment%202/first.py
[2021-10-24 23:52:23.053] [renderer1] [error] [Extension Host] Message: TypeError: Cannot read property 'uri' of undefined
[2021-10-24 23:53:45.468] [renderer1] [error] [Extension Host] Lintings failed on save
[2021-10-24 23:53:45.471] [renderer1] [error] [Extension Host] File: file:///home/ylizanicole/assignment%202/first.py
[2021-10-24 23:53:45.472] [renderer1] [error] [Extension Host] Message: TypeError: Cannot read property 'uri' of undefined
[2021-10-24 23:56:12.992] [renderer1] [error] [Extension Host] Lintings failed on save
[2021-10-24 23:56:12.995] [renderer1] [error] [Extension Host] File: file:///home/ylizanicole/assignment%202/first.py
[2021-10-24 23:56:12.996] [renderer1] [error] [Extension Host] Message: TypeError: Cannot read property 'uri' of undefined
[2021-10-24 23:58:36.540] [renderer1] [error] [Extension Host] Lintings failed on save
[2021-10-24 23:58:36.543] [renderer1] [error] [Extension Host] File: file:///home/ylizanicole/assignment%202/first.py
[2021-10-24 23:58:36.546] [renderer1] [error] [Extension Host] Message: TypeError: Cannot read property 'uri' of undefined
[2021-10-24 23:58:48.347] [renderer1] [error] [Extension Host] Lintings failed on save
[2021-10-24 23:58:48.350] [renderer1] [error] [Extension Host] File: file:///home/ylizanicole/assignment%202/first.py
[2021-10-24 23:58:48.351] [renderer1] [error] [Extension Host] Message: TypeError: Cannot read property 'uri' of undefined
[2021-10-24 23:59:20.467] [renderer1] [error] [Extension Host] Lintings failed on open
[2021-10-24 23:59:20.468] [renderer1] [error] [Extension Host] File: file:///home/ylizanicole/assignment%202/second.py
[2021-10-24 23:59:20.470] [renderer1] [error] [Extension Host] Message: TypeError: Cannot read property 'uri' of undefined
[2021-10-25 00:04:56.662] [renderer1] [error] [Extension Host] Lintings failed on save
[2021-10-25 00:04:56.663] [renderer1] [error] [Extension Host] File: file:///home/ylizanicole/assignment%202/second.py
[2021-10-25 00:04:56.664] [renderer1] [error] [Extension Host] Message: TypeError: Cannot read property 'uri' of undefined
[2021-10-25 00:05:24.613] [renderer1] [error] [Extension Host] Lintings failed on save
[2021-10-25 00:05:24.614] [renderer1] [error] [Extension Host] File: file:///home/ylizanicole/assignment%202/second.py
[2021-10-25 00:05:24.614] [renderer1] [error] [Extension Host] Message: TypeError: Cannot read property 'uri' of undefined
[2021-10-25 00:07:18.213] [renderer1] [error] [Extension Host] Lintings failed on save
[2021-10-25 00:07:18.215] [renderer1] [error] [Extension Host] File: file:///home/ylizanicole/assignment%202/second.py
[2021-10-25 00:07:18.216] [renderer1] [error] [Extension Host] Message: TypeError: Cannot read property 'uri' of undefined
[2021-10-25 00:09:42.375] [renderer1] [error] [Extension Host] Lintings failed on save
[2021-10-25 00:09:42.376] [renderer1] [error] [Extension Host] File: file:///home/ylizanicole/assignment%202/second.py
[2021-10-25 00:09:42.377] [renderer1] [error] [Extension Host] Message: TypeError: Cannot read property 'uri' of undefined
[2021-10-25 00:10:51.427] [renderer1] [error] [Extension Host] Lintings failed on save
[2021-10-25 00:10:51.428] [renderer1] [error] [Extension Host] File: file:///home/ylizanicole/assignment%202/second.py
[2021-10-25 00:10:51.429] [renderer1] [error] [Extension Host] Message: TypeError: Cannot read property 'uri' of undefined
[2021-10-25 00:12:01.230] [renderer1] [error] [Extension Host] Lintings failed on open
[2021-10-25 00:12:01.235] [renderer1] [error] [Extension Host] File: file:///home/ylizanicole/assignment%202/third.py
[2021-10-25 00:12:01.237] [renderer1] [error] [Extension Host] Message: TypeError: Cannot read property 'uri' of undefined
[2021-10-25 00:16:41.594] [renderer1] [error] [Extension Host] Lintings failed on save
[2021-10-25 00:16:41.596] [renderer1] [error] [Extension Host] File: file:///home/ylizanicole/assignment%202/third.py
[2021-10-25 00:16:41.596] [renderer1] [error] [Extension Host] Message: TypeError: Cannot read property 'uri' of undefined
[2021-10-25 00:16:57.100] [renderer1] [error] [Extension Host] Lintings failed on save
[2021-10-25 00:16:57.103] [renderer1] [error] [Extension Host] File: file:///home/ylizanicole/assignment%202/third.py
[2021-10-25 00:16:57.108] [renderer1] [error] [Extension Host] Message: TypeError: Cannot read property 'uri' of undefined
[2021-10-25 00:17:31.031] [renderer1] [error] [Extension Host] Lintings failed on save
[2021-10-25 00:17:31.032] [renderer1] [error] [Extension Host] File: file:///home/ylizanicole/assignment%202/third.py
[2021-10-25 00:17:31.032] [renderer1] [error] [Extension Host] Message: TypeError: Cannot read property 'uri' of undefined
[2021-10-25 00:17:55.700] [renderer1] [error] [Extension Host] Lintings failed on save
[2021-10-25 00:17:55.702] [renderer1] [error] [Extension Host] File: file:///home/ylizanicole/assignment%202/third.py
[2021-10-25 00:17:55.708] [renderer1] [error] [Extension Host] Message: TypeError: Cannot read property 'uri' of undefined
[2021-10-25 00:19:50.609] [renderer1] [error] [Extension Host] Lintings failed on save
[2021-10-25 00:19:50.610] [renderer1] [error] [Extension Host] File: file:///home/ylizanicole/assignment%202/third.py
[2021-10-25 00:19:50.611] [renderer1] [error] [Extension Host] Message: TypeError: Cannot read property 'uri' of undefined
